
> paparazzi-message-broker@1.0.0 dev
> nodemon --exec tsx index.ts

[33m[nodemon] 3.1.10[39m
[33m[nodemon] to restart at any time, enter `rs`[39m
[33m[nodemon] watching path(s): *.*[39m
[33m[nodemon] watching extensions: ts,json[39m
[32m[nodemon] starting `tsx index.ts`[39m
node:events:486
      throw er; // Unhandled 'error' event
      ^

Error: listen EADDRINUSE: address already in use :::8080
    at Server.setupListenHandle [as _listen2] (node:net:1940:16)
    at listenInCluster (node:net:1997:12)
    at Server.listen (node:net:2102:7)
    at <anonymous> (/Users/david/Documents/bmw330ipaparazzi/src/message-broker/index.ts:329:19)
    at new Promise (<anonymous>)
    at MessageBroker.start (/Users/david/Documents/bmw330ipaparazzi/src/message-broker/index.ts:328:12)
    at <anonymous> (/Users/david/Documents/bmw330ipaparazzi/src/message-broker/index.ts:374:10)
    at ModuleJob.run (node:internal/modules/esm/module_job:371:25)
    at async onImport.tracePromise.__proto__ (node:internal/modules/esm/loader:683:26)
    at async asyncRunEntryPointWithESMLoader (node:internal/modules/run_main:101:5)
Emitted 'error' event on WebSocketServer instance at:
    at Server.emit (node:events:508:28)
    at emitErrorNT (node:net:1976:8)
    at process.processTicksAndRejections (node:internal/process/task_queues:90:21) {
  code: 'EADDRINUSE',
  errno: -48,
  syscall: 'listen',
  address: '::',
  port: 8080
}

Node.js v24.7.0
[31m[nodemon] app crashed - waiting for file changes before starting...[39m
